ELRADBT4.DCF
ELRADBT5.DCF
FACE.BMP
GUDECOM1.DCF
GUDECOM2.DCF
HOPF.EXE
HOPF6036.DCF
HOPF6036.SYS
HOPF6038.DCF
HOPF6038.SYS
HOPFCOM1.DCF
HOPFCOM2.DCF
HOTSPOT.EXE
HOUR1.BMP
HOUR2.BMP
HOUR3.BMP
MIN1.BMP
MIN2.BMP
MIN3.BMP
MOUSE.SYS
NBAUDIO.DLL
NBCOM1.DCF
NBCOM2.DCF
NTOBCOM1.DCF
NTOBCOM2.DCF
OTHERMOD.DCF
SETADDR.EXE
SURECOM1.DCF
SURECOM2.DCF
SUREGAME.DCF
TIMECLNT.DCF
TIMECLNT.EXE
TOBICOM1.DCF
TOBICOM2.DCF
TZTAB
WILLCOM1.DCF
WILLCOM2.DCF
WPDCF77.DLL
WPDCF77.HLP
ZEIT.SYS.SHAREWARE /H:ZEIT.SYS
shareware\README.OS2
